{"/Users/jabelic/dev/JabelicWebPress/src/shared/utils/htmlParser.ts": {"path":"/Users/jabelic/dev/JabelicWebPress/src/shared/utils/htmlParser.ts","all":false,"statementMap":{"0":{"start":{"line":1,"column":0},"end":{"line":1,"column":50}},"1":{"start":{"line":2,"column":0},"end":{"line":2,"column":70}},"2":{"start":{"line":3,"column":0},"end":{"line":3,"column":0}},"3":{"start":{"line":4,"column":0},"end":{"line":4,"column":37}},"4":{"start":{"line":5,"column":0},"end":{"line":5,"column":14}},"5":{"start":{"line":6,"column":0},"end":{"line":6,"column":15}},"6":{"start":{"line":7,"column":0},"end":{"line":7,"column":24}},"7":{"start":{"line":8,"column":0},"end":{"line":8,"column":34}},"8":{"start":{"line":9,"column":0},"end":{"line":9,"column":1}},"9":{"start":{"line":10,"column":0},"end":{"line":10,"column":0}},"10":{"start":{"line":11,"column":0},"end":{"line":11,"column":111}},"11":{"start":{"line":12,"column":0},"end":{"line":12,"column":17}},"12":{"start":{"line":13,"column":0},"end":{"line":13,"column":15}},"13":{"start":{"line":14,"column":0},"end":{"line":14,"column":13}},"14":{"start":{"line":15,"column":0},"end":{"line":15,"column":21}},"15":{"start":{"line":16,"column":0},"end":{"line":16,"column":2}},"16":{"start":{"line":17,"column":0},"end":{"line":17,"column":0}},"17":{"start":{"line":18,"column":0},"end":{"line":18,"column":24}},"18":{"start":{"line":19,"column":0},"end":{"line":19,"column":25}},"19":{"start":{"line":20,"column":0},"end":{"line":20,"column":43}},"20":{"start":{"line":21,"column":0},"end":{"line":21,"column":53}},"21":{"start":{"line":22,"column":0},"end":{"line":22,"column":114}},"22":{"start":{"line":23,"column":0},"end":{"line":23,"column":19}},"23":{"start":{"line":24,"column":0},"end":{"line":24,"column":16}},"24":{"start":{"line":25,"column":0},"end":{"line":25,"column":21}},"25":{"start":{"line":26,"column":0},"end":{"line":26,"column":15}},"26":{"start":{"line":27,"column":0},"end":{"line":27,"column":6}},"27":{"start":{"line":28,"column":0},"end":{"line":28,"column":4}},"28":{"start":{"line":29,"column":0},"end":{"line":29,"column":1}},"29":{"start":{"line":30,"column":0},"end":{"line":30,"column":0}},"30":{"start":{"line":31,"column":0},"end":{"line":31,"column":46}},"31":{"start":{"line":32,"column":0},"end":{"line":32,"column":57}},"32":{"start":{"line":33,"column":0},"end":{"line":33,"column":82}},"33":{"start":{"line":34,"column":0},"end":{"line":34,"column":13}},"34":{"start":{"line":35,"column":0},"end":{"line":35,"column":16}},"35":{"start":{"line":36,"column":0},"end":{"line":36,"column":7}},"36":{"start":{"line":37,"column":0},"end":{"line":37,"column":16}},"37":{"start":{"line":38,"column":0},"end":{"line":38,"column":16}},"38":{"start":{"line":39,"column":0},"end":{"line":39,"column":59}},"39":{"start":{"line":40,"column":0},"end":{"line":40,"column":41}},"40":{"start":{"line":41,"column":0},"end":{"line":41,"column":38}},"41":{"start":{"line":42,"column":0},"end":{"line":42,"column":1}},"42":{"start":{"line":43,"column":0},"end":{"line":43,"column":0}},"43":{"start":{"line":44,"column":0},"end":{"line":44,"column":24}},"44":{"start":{"line":45,"column":0},"end":{"line":45,"column":25}},"45":{"start":{"line":46,"column":0},"end":{"line":46,"column":43}},"46":{"start":{"line":47,"column":0},"end":{"line":47,"column":28}},"47":{"start":{"line":48,"column":0},"end":{"line":48,"column":41}},"48":{"start":{"line":49,"column":0},"end":{"line":49,"column":64}},"49":{"start":{"line":50,"column":0},"end":{"line":50,"column":64}},"50":{"start":{"line":51,"column":0},"end":{"line":51,"column":4}},"51":{"start":{"line":52,"column":0},"end":{"line":52,"column":1}},"52":{"start":{"line":53,"column":0},"end":{"line":53,"column":0}},"53":{"start":{"line":54,"column":0},"end":{"line":54,"column":46}},"54":{"start":{"line":55,"column":0},"end":{"line":55,"column":33}},"55":{"start":{"line":56,"column":0},"end":{"line":56,"column":32}},"56":{"start":{"line":57,"column":0},"end":{"line":57,"column":59}},"57":{"start":{"line":58,"column":0},"end":{"line":58,"column":1}},"58":{"start":{"line":59,"column":0},"end":{"line":59,"column":0}},"59":{"start":{"line":60,"column":0},"end":{"line":60,"column":24}},"60":{"start":{"line":61,"column":0},"end":{"line":61,"column":25}},"61":{"start":{"line":62,"column":0},"end":{"line":62,"column":43}},"62":{"start":{"line":63,"column":0},"end":{"line":63,"column":28}},"63":{"start":{"line":64,"column":0},"end":{"line":64,"column":60}},"64":{"start":{"line":65,"column":0},"end":{"line":65,"column":54}},"65":{"start":{"line":66,"column":0},"end":{"line":66,"column":66}},"66":{"start":{"line":67,"column":0},"end":{"line":67,"column":4}},"67":{"start":{"line":68,"column":0},"end":{"line":68,"column":1}},"68":{"start":{"line":69,"column":0},"end":{"line":69,"column":0}},"69":{"start":{"line":70,"column":0},"end":{"line":70,"column":3}},"70":{"start":{"line":71,"column":0},"end":{"line":71,"column":64}},"71":{"start":{"line":72,"column":0},"end":{"line":72,"column":41}},"72":{"start":{"line":73,"column":0},"end":{"line":73,"column":51}},"73":{"start":{"line":74,"column":0},"end":{"line":74,"column":3}},"74":{"start":{"line":75,"column":0},"end":{"line":75,"column":69}},"75":{"start":{"line":76,"column":0},"end":{"line":76,"column":34}},"76":{"start":{"line":77,"column":0},"end":{"line":77,"column":20}},"77":{"start":{"line":78,"column":0},"end":{"line":78,"column":62}},"78":{"start":{"line":79,"column":0},"end":{"line":79,"column":1}},"79":{"start":{"line":80,"column":0},"end":{"line":80,"column":0}},"80":{"start":{"line":81,"column":0},"end":{"line":81,"column":24}},"81":{"start":{"line":82,"column":0},"end":{"line":82,"column":25}},"82":{"start":{"line":83,"column":0},"end":{"line":83,"column":43}},"83":{"start":{"line":84,"column":0},"end":{"line":84,"column":35}},"84":{"start":{"line":85,"column":0},"end":{"line":85,"column":72}},"85":{"start":{"line":86,"column":0},"end":{"line":86,"column":84}},"86":{"start":{"line":87,"column":0},"end":{"line":87,"column":4}},"87":{"start":{"line":88,"column":0},"end":{"line":88,"column":1}},"88":{"start":{"line":89,"column":0},"end":{"line":89,"column":0}},"89":{"start":{"line":90,"column":0},"end":{"line":90,"column":3}},"90":{"start":{"line":91,"column":0},"end":{"line":91,"column":22}},"91":{"start":{"line":92,"column":0},"end":{"line":92,"column":18}},"92":{"start":{"line":93,"column":0},"end":{"line":93,"column":48}},"93":{"start":{"line":94,"column":0},"end":{"line":94,"column":3}},"94":{"start":{"line":95,"column":0},"end":{"line":95,"column":115}},"95":{"start":{"line":96,"column":0},"end":{"line":96,"column":49}},"96":{"start":{"line":97,"column":0},"end":{"line":97,"column":49}},"97":{"start":{"line":98,"column":0},"end":{"line":98,"column":66}},"98":{"start":{"line":99,"column":0},"end":{"line":99,"column":48}},"99":{"start":{"line":100,"column":0},"end":{"line":100,"column":34}},"100":{"start":{"line":101,"column":0},"end":{"line":101,"column":12}},"101":{"start":{"line":102,"column":0},"end":{"line":102,"column":39}},"102":{"start":{"line":103,"column":0},"end":{"line":103,"column":62}},"103":{"start":{"line":104,"column":0},"end":{"line":104,"column":26}},"104":{"start":{"line":105,"column":0},"end":{"line":105,"column":5}},"105":{"start":{"line":106,"column":0},"end":{"line":106,"column":4}},"106":{"start":{"line":107,"column":0},"end":{"line":107,"column":1}},"107":{"start":{"line":108,"column":0},"end":{"line":108,"column":24}},"108":{"start":{"line":109,"column":0},"end":{"line":109,"column":25}},"109":{"start":{"line":110,"column":0},"end":{"line":110,"column":43}},"110":{"start":{"line":111,"column":0},"end":{"line":111,"column":31}},"111":{"start":{"line":112,"column":0},"end":{"line":112,"column":11}},"112":{"start":{"line":113,"column":0},"end":{"line":113,"column":22}},"113":{"start":{"line":114,"column":0},"end":{"line":114,"column":32}},"114":{"start":{"line":115,"column":0},"end":{"line":115,"column":83}},"115":{"start":{"line":116,"column":0},"end":{"line":116,"column":7}},"116":{"start":{"line":117,"column":0},"end":{"line":117,"column":21}},"117":{"start":{"line":118,"column":0},"end":{"line":118,"column":54}},"118":{"start":{"line":119,"column":0},"end":{"line":119,"column":53}},"119":{"start":{"line":120,"column":0},"end":{"line":120,"column":6}},"120":{"start":{"line":121,"column":0},"end":{"line":121,"column":92}},"121":{"start":{"line":122,"column":0},"end":{"line":122,"column":53}},"122":{"start":{"line":123,"column":0},"end":{"line":123,"column":6}},"123":{"start":{"line":124,"column":0},"end":{"line":124,"column":4}},"124":{"start":{"line":125,"column":0},"end":{"line":125,"column":1}},"125":{"start":{"line":126,"column":0},"end":{"line":126,"column":0}},"126":{"start":{"line":127,"column":0},"end":{"line":127,"column":67}},"127":{"start":{"line":128,"column":0},"end":{"line":128,"column":36}},"128":{"start":{"line":129,"column":0},"end":{"line":129,"column":32}},"129":{"start":{"line":130,"column":0},"end":{"line":130,"column":14}},"130":{"start":{"line":131,"column":0},"end":{"line":131,"column":26}},"131":{"start":{"line":132,"column":0},"end":{"line":132,"column":57}},"132":{"start":{"line":133,"column":0},"end":{"line":133,"column":5}},"133":{"start":{"line":134,"column":0},"end":{"line":134,"column":14}},"134":{"start":{"line":135,"column":0},"end":{"line":135,"column":31}},"135":{"start":{"line":136,"column":0},"end":{"line":136,"column":29}},"136":{"start":{"line":137,"column":0},"end":{"line":137,"column":88}},"137":{"start":{"line":138,"column":0},"end":{"line":138,"column":87}},"138":{"start":{"line":139,"column":0},"end":{"line":139,"column":14}},"139":{"start":{"line":140,"column":0},"end":{"line":140,"column":47}},"140":{"start":{"line":141,"column":0},"end":{"line":141,"column":83}},"141":{"start":{"line":142,"column":0},"end":{"line":142,"column":9}},"142":{"start":{"line":143,"column":0},"end":{"line":143,"column":7}},"143":{"start":{"line":144,"column":0},"end":{"line":144,"column":5}},"144":{"start":{"line":145,"column":0},"end":{"line":145,"column":14}},"145":{"start":{"line":146,"column":0},"end":{"line":146,"column":31}},"146":{"start":{"line":147,"column":0},"end":{"line":147,"column":29}},"147":{"start":{"line":148,"column":0},"end":{"line":148,"column":18}},"148":{"start":{"line":149,"column":0},"end":{"line":149,"column":88}},"149":{"start":{"line":150,"column":0},"end":{"line":150,"column":116}},"150":{"start":{"line":151,"column":0},"end":{"line":151,"column":87}},"151":{"start":{"line":152,"column":0},"end":{"line":152,"column":14}},"152":{"start":{"line":153,"column":0},"end":{"line":153,"column":47}},"153":{"start":{"line":154,"column":0},"end":{"line":154,"column":25}},"154":{"start":{"line":155,"column":0},"end":{"line":155,"column":47}},"155":{"start":{"line":156,"column":0},"end":{"line":156,"column":33}},"156":{"start":{"line":157,"column":0},"end":{"line":157,"column":18}},"157":{"start":{"line":158,"column":0},"end":{"line":158,"column":24}},"158":{"start":{"line":159,"column":0},"end":{"line":159,"column":84}},"159":{"start":{"line":160,"column":0},"end":{"line":160,"column":33}},"160":{"start":{"line":161,"column":0},"end":{"line":161,"column":72}},"161":{"start":{"line":162,"column":0},"end":{"line":162,"column":18}},"162":{"start":{"line":163,"column":0},"end":{"line":163,"column":18}},"163":{"start":{"line":164,"column":0},"end":{"line":164,"column":85}},"164":{"start":{"line":165,"column":0},"end":{"line":165,"column":11}},"165":{"start":{"line":166,"column":0},"end":{"line":166,"column":9}},"166":{"start":{"line":167,"column":0},"end":{"line":167,"column":7}},"167":{"start":{"line":168,"column":0},"end":{"line":168,"column":5}},"168":{"start":{"line":169,"column":0},"end":{"line":169,"column":4}},"169":{"start":{"line":170,"column":0},"end":{"line":170,"column":12}},"170":{"start":{"line":171,"column":0},"end":{"line":171,"column":1}}},"s":{"0":1,"1":1,"2":1,"3":1,"4":1,"5":1,"6":1,"7":1,"8":1,"9":1,"10":1,"11":1,"12":1,"13":1,"14":1,"15":0,"16":1,"17":1,"18":1,"19":1,"20":1,"21":1,"22":1,"23":1,"24":1,"25":1,"26":1,"27":1,"28":1,"29":1,"30":1,"31":6,"32":5,"33":5,"34":5,"35":5,"36":5,"37":5,"38":5,"39":6,"40":5,"41":0,"42":1,"43":1,"44":1,"45":1,"46":1,"47":1,"48":1,"49":1,"50":1,"51":1,"52":1,"53":1,"54":6,"55":6,"56":6,"57":0,"58":1,"59":1,"60":1,"61":1,"62":1,"63":1,"64":1,"65":1,"66":1,"67":1,"68":1,"69":1,"70":1,"71":1,"72":1,"73":1,"74":1,"75":2,"76":2,"77":2,"78":0,"79":1,"80":1,"81":1,"82":1,"83":1,"84":1,"85":1,"86":1,"87":1,"88":1,"89":1,"90":1,"91":1,"92":1,"93":1,"94":1,"95":2,"96":2,"97":2,"98":3,"99":3,"100":3,"101":3,"102":3,"103":3,"104":3,"105":2,"106":0,"107":1,"108":1,"109":1,"110":1,"111":1,"112":1,"113":1,"114":1,"115":1,"116":1,"117":1,"118":1,"119":1,"120":1,"121":1,"122":1,"123":1,"124":1,"125":1,"126":1,"127":0,"128":0,"129":0,"130":0,"131":0,"132":0,"133":0,"134":0,"135":0,"136":0,"137":0,"138":0,"139":0,"140":0,"141":0,"142":0,"143":0,"144":0,"145":0,"146":0,"147":0,"148":0,"149":0,"150":0,"151":0,"152":0,"153":0,"154":0,"155":0,"156":0,"157":0,"158":0,"159":0,"160":0,"161":0,"162":0,"163":0,"164":0,"165":0,"166":0,"167":0,"168":0,"169":0,"170":0},"branchMap":{"0":{"type":"branch","line":11,"loc":{"start":{"line":11,"column":110},"end":{"line":16,"column":2}},"locations":[{"start":{"line":11,"column":110},"end":{"line":16,"column":2}}]},"1":{"type":"branch","line":15,"loc":{"start":{"line":15,"column":9},"end":{"line":15,"column":21}},"locations":[{"start":{"line":15,"column":9},"end":{"line":15,"column":21}}]},"2":{"type":"branch","line":21,"loc":{"start":{"line":21,"column":46},"end":{"line":28,"column":3}},"locations":[{"start":{"line":21,"column":46},"end":{"line":28,"column":3}}]},"3":{"type":"branch","line":31,"loc":{"start":{"line":31,"column":28},"end":{"line":42,"column":1}},"locations":[{"start":{"line":31,"column":28},"end":{"line":42,"column":1}}]},"4":{"type":"branch","line":32,"loc":{"start":{"line":32,"column":23},"end":{"line":32,"column":48}},"locations":[{"start":{"line":32,"column":23},"end":{"line":32,"column":48}}]},"5":{"type":"branch","line":32,"loc":{"start":{"line":32,"column":48},"end":{"line":32,"column":57}},"locations":[{"start":{"line":32,"column":48},"end":{"line":32,"column":57}}]},"6":{"type":"branch","line":32,"loc":{"start":{"line":32,"column":55},"end":{"line":40,"column":39}},"locations":[{"start":{"line":32,"column":55},"end":{"line":40,"column":39}}]},"7":{"type":"branch","line":40,"loc":{"start":{"line":40,"column":32},"end":{"line":40,"column":41}},"locations":[{"start":{"line":40,"column":32},"end":{"line":40,"column":41}}]},"8":{"type":"branch","line":40,"loc":{"start":{"line":40,"column":39},"end":{"line":42,"column":1}},"locations":[{"start":{"line":40,"column":39},"end":{"line":42,"column":1}}]},"9":{"type":"branch","line":33,"loc":{"start":{"line":33,"column":40},"end":{"line":33,"column":81}},"locations":[{"start":{"line":33,"column":40},"end":{"line":33,"column":81}}]},"10":{"type":"branch","line":39,"loc":{"start":{"line":39,"column":17},"end":{"line":39,"column":58}},"locations":[{"start":{"line":39,"column":17},"end":{"line":39,"column":58}}]},"11":{"type":"branch","line":47,"loc":{"start":{"line":47,"column":21},"end":{"line":51,"column":3}},"locations":[{"start":{"line":47,"column":21},"end":{"line":51,"column":3}}]},"12":{"type":"branch","line":54,"loc":{"start":{"line":54,"column":28},"end":{"line":58,"column":1}},"locations":[{"start":{"line":54,"column":28},"end":{"line":58,"column":1}}]},"13":{"type":"branch","line":57,"loc":{"start":{"line":57,"column":6},"end":{"line":57,"column":29}},"locations":[{"start":{"line":57,"column":6},"end":{"line":57,"column":29}}]},"14":{"type":"branch","line":57,"loc":{"start":{"line":57,"column":29},"end":{"line":57,"column":59}},"locations":[{"start":{"line":57,"column":29},"end":{"line":57,"column":59}}]},"15":{"type":"branch","line":63,"loc":{"start":{"line":63,"column":21},"end":{"line":67,"column":3}},"locations":[{"start":{"line":63,"column":21},"end":{"line":67,"column":3}}]},"16":{"type":"branch","line":75,"loc":{"start":{"line":75,"column":35},"end":{"line":79,"column":1}},"locations":[{"start":{"line":75,"column":35},"end":{"line":79,"column":1}}]},"17":{"type":"branch","line":84,"loc":{"start":{"line":84,"column":28},"end":{"line":87,"column":3}},"locations":[{"start":{"line":84,"column":28},"end":{"line":87,"column":3}}]},"18":{"type":"branch","line":95,"loc":{"start":{"line":95,"column":31},"end":{"line":107,"column":1}},"locations":[{"start":{"line":95,"column":31},"end":{"line":107,"column":1}}]},"19":{"type":"branch","line":98,"loc":{"start":{"line":98,"column":44},"end":{"line":106,"column":3}},"locations":[{"start":{"line":98,"column":44},"end":{"line":106,"column":3}}]},"20":{"type":"branch","line":102,"loc":{"start":{"line":102,"column":19},"end":{"line":102,"column":36}},"locations":[{"start":{"line":102,"column":19},"end":{"line":102,"column":36}}]},"21":{"type":"branch","line":102,"loc":{"start":{"line":102,"column":28},"end":{"line":102,"column":39}},"locations":[{"start":{"line":102,"column":28},"end":{"line":102,"column":39}}]},"22":{"type":"branch","line":103,"loc":{"start":{"line":103,"column":23},"end":{"line":103,"column":34}},"locations":[{"start":{"line":103,"column":23},"end":{"line":103,"column":34}}]},"23":{"type":"branch","line":103,"loc":{"start":{"line":103,"column":27},"end":{"line":103,"column":62}},"locations":[{"start":{"line":103,"column":27},"end":{"line":103,"column":62}}]},"24":{"type":"branch","line":103,"loc":{"start":{"line":103,"column":50},"end":{"line":103,"column":62}},"locations":[{"start":{"line":103,"column":50},"end":{"line":103,"column":62}}]},"25":{"type":"branch","line":111,"loc":{"start":{"line":111,"column":24},"end":{"line":124,"column":3}},"locations":[{"start":{"line":111,"column":24},"end":{"line":124,"column":3}}]}},"b":{"0":[1],"1":[0],"2":[1],"3":[6],"4":[5],"5":[1],"6":[5],"7":[0],"8":[5],"9":[48],"10":[25],"11":[1],"12":[6],"13":[4],"14":[4],"15":[1],"16":[2],"17":[1],"18":[2],"19":[3],"20":[2],"21":[1],"22":[2],"23":[1],"24":[0],"25":[1]},"fnMap":{"0":{"name":"formatTitleAndTagToStructuredMenuItem","decl":{"start":{"line":11,"column":110},"end":{"line":16,"column":2}},"loc":{"start":{"line":11,"column":110},"end":{"line":16,"column":2}},"line":11},"1":{"name":"get","decl":{"start":{"line":16,"column":0},"end":{"line":16,"column":2}},"loc":{"start":{"line":16,"column":0},"end":{"line":16,"column":2}},"line":16},"2":{"name":"getInnerText","decl":{"start":{"line":31,"column":28},"end":{"line":42,"column":1}},"loc":{"start":{"line":31,"column":28},"end":{"line":42,"column":1}},"line":31},"3":{"name":"get","decl":{"start":{"line":42,"column":0},"end":{"line":42,"column":1}},"loc":{"start":{"line":42,"column":0},"end":{"line":42,"column":1}},"line":42},"4":{"name":"getElementId","decl":{"start":{"line":54,"column":28},"end":{"line":58,"column":1}},"loc":{"start":{"line":54,"column":28},"end":{"line":58,"column":1}},"line":54},"5":{"name":"get","decl":{"start":{"line":58,"column":0},"end":{"line":58,"column":1}},"loc":{"start":{"line":58,"column":0},"end":{"line":58,"column":1}},"line":58},"6":{"name":"getHtmlBlocksRegExp","decl":{"start":{"line":75,"column":35},"end":{"line":79,"column":1}},"loc":{"start":{"line":75,"column":35},"end":{"line":79,"column":1}},"line":75},"7":{"name":"get","decl":{"start":{"line":79,"column":0},"end":{"line":79,"column":1}},"loc":{"start":{"line":79,"column":0},"end":{"line":79,"column":1}},"line":79},"8":{"name":"getTitleAndTags","decl":{"start":{"line":95,"column":31},"end":{"line":107,"column":1}},"loc":{"start":{"line":95,"column":31},"end":{"line":107,"column":1}},"line":95},"9":{"name":"get","decl":{"start":{"line":107,"column":0},"end":{"line":107,"column":1}},"loc":{"start":{"line":107,"column":0},"end":{"line":107,"column":1}},"line":107},"10":{"name":"getStructuredMenu","decl":{"start":{"line":127,"column":33},"end":{"line":171,"column":1}},"loc":{"start":{"line":127,"column":33},"end":{"line":171,"column":1}},"line":127},"11":{"name":"get","decl":{"start":{"line":171,"column":0},"end":{"line":171,"column":1}},"loc":{"start":{"line":171,"column":0},"end":{"line":171,"column":1}},"line":171}},"f":{"0":1,"1":0,"2":6,"3":0,"4":6,"5":0,"6":2,"7":0,"8":2,"9":0,"10":0,"11":0}}
}
